<?xml version="1.0" encoding="UTF-8"?>
<!-- Generated by org.testng.reporters.JUnitXMLReporter -->
<testsuite ignored="0" hostname="DESKTOP-CC93P6I" failures="0" tests="3" name="Default test" time="27.098" errors="0" timestamp="2024-08-11T21:58:33 IST">
  <testcase classname="Methods.TestDataProvider" name="register" time="9.274"/>
  <testcase classname="Methods.TestDataProvider" name="register" time="7.999"/>
  <testcase classname="Methods.TestDataProvider" name="register" time="8.2"/>
</testsuite> <!-- Default test -->
