<?xml version="1.0" encoding="UTF-8"?>
<testng-results ignored="0" total="3" passed="3" failed="0" skipped="0">
  <reporter-output>
  </reporter-output>
  <suite started-at="2024-08-11T21:58:06 IST" name="Default suite" finished-at="2024-08-11T21:58:33 IST" duration-ms="27098">
    <groups>
    </groups>
    <test started-at="2024-08-11T21:58:06 IST" name="Default test" finished-at="2024-08-11T21:58:33 IST" duration-ms="27098">
      <class name="Methods.TestDataProvider">
        <test-method is-config="true" signature="drivers()[pri:0, instance:Methods.TestDataProvider@7fa98a66]" started-at="2024-08-11T21:58:06 IST" name="drivers" finished-at="2024-08-11T21:58:07 IST" duration-ms="1571" status="PASS">
          <reporter-output>
          </reporter-output>
        </test-method> <!-- drivers -->
        <test-method signature="register(java.lang.String,java.lang.String,java.lang.String,java.lang.String,java.lang.String,java.lang.String)[pri:0, instance:Methods.TestDataProvider@7fa98a66]" started-at="2024-08-11T21:58:07 IST" name="register" data-provider="dp" finished-at="2024-08-11T21:58:17 IST" duration-ms="9274" status="PASS">
          <params>
            <param index="0">
              <value>
                <![CDATA[faim]]>
              </value>
            </param>
            <param index="1">
              <value>
                <![CDATA[]]>
              </value>
            </param>
            <param index="2">
              <value>
                <![CDATA[]]>
              </value>
            </param>
            <param index="3">
              <value>
                <![CDATA[9999999999]]>
              </value>
            </param>
            <param index="4">
              <value>
                <![CDATA[1234567]]>
              </value>
            </param>
            <param index="5">
              <value>
                <![CDATA[1234567]]>
              </value>
            </param>
          </params>
          <reporter-output>
          </reporter-output>
        </test-method> <!-- register -->
        <test-method signature="register(java.lang.String,java.lang.String,java.lang.String,java.lang.String,java.lang.String,java.lang.String)[pri:0, instance:Methods.TestDataProvider@7fa98a66]" started-at="2024-08-11T21:58:17 IST" name="register" data-provider="dp" finished-at="2024-08-11T21:58:25 IST" duration-ms="7999" status="PASS">
          <params>
            <param index="0">
              <value>
                <![CDATA[faim]]>
              </value>
            </param>
            <param index="1">
              <value>
                <![CDATA[]]>
              </value>
            </param>
            <param index="2">
              <value>
                <![CDATA[faimkhan@gmail.com]]>
              </value>
            </param>
            <param index="3">
              <value>
                <![CDATA[]]>
              </value>
            </param>
            <param index="4">
              <value>
                <![CDATA[1234567]]>
              </value>
            </param>
            <param index="5">
              <value>
                <![CDATA[]]>
              </value>
            </param>
          </params>
          <reporter-output>
          </reporter-output>
        </test-method> <!-- register -->
        <test-method signature="register(java.lang.String,java.lang.String,java.lang.String,java.lang.String,java.lang.String,java.lang.String)[pri:0, instance:Methods.TestDataProvider@7fa98a66]" started-at="2024-08-11T21:58:25 IST" name="register" data-provider="dp" finished-at="2024-08-11T21:58:33 IST" duration-ms="8200" status="PASS">
          <params>
            <param index="0">
              <value>
                <![CDATA[faim]]>
              </value>
            </param>
            <param index="1">
              <value>
                <![CDATA[Sohail]]>
              </value>
            </param>
            <param index="2">
              <value>
                <![CDATA[faimkhan@gmail.com]]>
              </value>
            </param>
            <param index="3">
              <value>
                <![CDATA[9999999999]]>
              </value>
            </param>
            <param index="4">
              <value>
                <![CDATA[1234567]]>
              </value>
            </param>
            <param index="5">
              <value>
                <![CDATA[1234567]]>
              </value>
            </param>
          </params>
          <reporter-output>
          </reporter-output>
        </test-method> <!-- register -->
        <test-method is-config="true" signature="teardown()[pri:0, instance:Methods.TestDataProvider@7fa98a66]" started-at="2024-08-11T21:58:33 IST" name="teardown" finished-at="2024-08-11T21:58:33 IST" duration-ms="1" status="PASS">
          <reporter-output>
          </reporter-output>
        </test-method> <!-- teardown -->
      </class> <!-- Methods.TestDataProvider -->
    </test> <!-- Default test -->
  </suite> <!-- Default suite -->
</testng-results>
